<?xml version="1.0" encoding="UTF-8"?>
<testsuite xmlns:xsi="http://www.w3.org/2001/XMLSchema-instance" xsi:noNamespaceSchemaLocation="https://maven.apache.org/surefire/maven-surefire-plugin/xsd/surefire-test-report.xsd" name="com.report.testng.allure.TestNGWithAllure" time="1.958" tests="2" errors="0" skipped="0" failures="0">
  <properties>
[...]
</properties>
  <testcase name="testCase_001" classname="com.report.testng.allure.TestNGWithAllure" time="0.083"/>
  <testcase name="testCase_002" classname="com.report.testng.allure.TestNGWithAllure" time="0.013"/>
</testsuite>