<?xml version="1.0" encoding="UTF-8"?>
<testsuite xmlns:xsi="http://www.w3.org/2001/XMLSchema-instance" xsi:noNamespaceSchemaLocation="https://maven.apache.org/surefire/maven-surefire-plugin/xsd/surefire-test-report.xsd" name="com.allure.test.Test01" time="0.484" tests="3" errors="0" skipped="0" failures="0">
  <properties>
[...]
</properties>
  <testcase name="test01" classname="com.allure.test.Test01" time="0.359"/>
  <testcase name="test02" classname="com.allure.test.Test01" time="0.001"/>
  <testcase name="test03" classname="com.allure.test.Test01" time="0.001"/>
</testsuite>